<?xml version="1.0" encoding="UTF-8"?>
<testsuite xmlns:xsi="http://www.w3.org/2001/XMLSchema-instance" xsi:noNamespaceSchemaLocation="https://maven.apache.org/surefire/maven-surefire-plugin/xsd/surefire-test-report-3.0.xsd" version="3.0" name="com.tutorial.bootdemo.BootDemoApplicationTests" time="2.016" tests="1" errors="0" skipped="0" failures="0">
  <properties>
[...]
</properties>
  <testcase name="contextLoads" classname="com.tutorial.bootdemo.BootDemoApplicationTests" time="0.292">
    <system-out><![CDATA[23:38:49.319 [main] INFO org.springframework.test.context.support.AnnotationConfigContextLoaderUtils -- Could not detect default configuration classes for test class [com.tutorial.bootdemo.BootDemoApplicationTests]: BootDemoApplicationTests does not declare any static, non-private, non-final, nested classes annotated with @Configuration.
23:38:49.363 [main] INFO org.springframework.boot.test.context.SpringBootTestContextBootstrapper -- Found @SpringBootConfiguration com.tutorial.bootdemo.BootDemoApplication for test class com.tutorial.bootdemo.BootDemoApplicationTests

  .   ____          _            __ _ _
 /\\ / ___'_ __ _ _(_)_ __  __ _ \ \ \ \
( ( )\___ | '_ | '_| | '_ \/ _` | \ \ \ \
 \\/  ___)| |_)| | | | | || (_| |  ) ) ) )
  '  |____| .__|_| |_|_| |_\__, | / / / /
 =========|_|==============|___/=/_/_/_/
 :: Spring Boot ::                (v3.2.5)

2024-04-22T23:38:49.514+08:00  INFO 4962 --- [boot-demo] [           main] c.t.bootdemo.BootDemoApplicationTests    : Starting BootDemoApplicationTests using Java 17.0.11 with PID 4962 (started by evan in /Users/evan/IdeaProjects/boot-demo)
2024-04-22T23:38:49.515+08:00  INFO 4962 --- [boot-demo] [           main] c.t.bootdemo.BootDemoApplicationTests    : No active profile set, falling back to 1 default profile: "default"
2024-04-22T23:38:49.763+08:00  INFO 4962 --- [boot-demo] [           main] .s.d.r.c.RepositoryConfigurationDelegate : Bootstrapping Spring Data JPA repositories in DEFAULT mode.
2024-04-22T23:38:49.783+08:00  INFO 4962 --- [boot-demo] [           main] .s.d.r.c.RepositoryConfigurationDelegate : Finished Spring Data repository scanning in 17 ms. Found 1 JPA repository interface.
2024-04-22T23:38:49.952+08:00  INFO 4962 --- [boot-demo] [           main] com.zaxxer.hikari.HikariDataSource       : HikariPool-1 - Starting...
2024-04-22T23:38:50.117+08:00  INFO 4962 --- [boot-demo] [           main] com.zaxxer.hikari.pool.HikariPool        : HikariPool-1 - Added connection com.mysql.cj.jdbc.ConnectionImpl@1d15c0a1
2024-04-22T23:38:50.117+08:00  INFO 4962 --- [boot-demo] [           main] com.zaxxer.hikari.HikariDataSource       : HikariPool-1 - Start completed.
2024-04-22T23:38:50.144+08:00  INFO 4962 --- [boot-demo] [           main] o.hibernate.jpa.internal.util.LogHelper  : HHH000204: Processing PersistenceUnitInfo [name: default]
2024-04-22T23:38:50.166+08:00  INFO 4962 --- [boot-demo] [           main] org.hibernate.Version                    : HHH000412: Hibernate ORM core version 6.4.4.Final
2024-04-22T23:38:50.179+08:00  INFO 4962 --- [boot-demo] [           main] o.h.c.internal.RegionFactoryInitiator    : HHH000026: Second-level cache disabled
2024-04-22T23:38:50.272+08:00  INFO 4962 --- [boot-demo] [           main] o.s.o.j.p.SpringPersistenceUnitInfo      : No LoadTimeWeaver setup: ignoring JPA class transformer
2024-04-22T23:38:50.623+08:00  INFO 4962 --- [boot-demo] [           main] o.h.e.t.j.p.i.JtaPlatformInitiator       : HHH000489: No JTA platform available (set 'hibernate.transaction.jta.platform' to enable JTA platform integration)
2024-04-22T23:38:50.625+08:00  INFO 4962 --- [boot-demo] [           main] j.LocalContainerEntityManagerFactoryBean : Initialized JPA EntityManagerFactory for persistence unit 'default'
2024-04-22T23:38:50.813+08:00  WARN 4962 --- [boot-demo] [           main] JpaBaseConfiguration$JpaWebConfiguration : spring.jpa.open-in-view is enabled by default. Therefore, database queries may be performed during view rendering. Explicitly configure spring.jpa.open-in-view to disable this warning
2024-04-22T23:38:50.969+08:00  INFO 4962 --- [boot-demo] [           main] c.t.bootdemo.BootDemoApplicationTests    : Started BootDemoApplicationTests in 1.556 seconds (process running for 1.918)
]]></system-out>
  </testcase>
</testsuite>